生成启动时间为 2016/9/30 星期五 下午 8:37:12。
     1>项目“D:\project\proj_windows\chat\net\net.vcxproj”在节点 3 上(Rebuild 个目标)。
     1>ClCompile:
         D:\Program Files (x86)\Microsoft Visual Studio 12.0\VC\bin\x86_amd64\CL.exe /c /Zi /nologo /W3 /WX- /Od /D WIN32 /D _DEBUG /D _WINDOWS /D _USRDLL /D NET_EXPORTS /D _WINDLL /D _UNICODE /D UNICODE /Gm /EHsc /RTC1 /MDd /GS /fp:precise /Zc:wchar_t /Zc:forScope /Yc"stdafx.h" /Fp"x64\Debug\net.pch" /Fo"x64\Debug\\" /Fd"x64\Debug\vc120.pdb" /Gd /TP /errorReport:prompt stdafx.cpp
         stdafx.cpp
         D:\Program Files (x86)\Microsoft Visual Studio 12.0\VC\bin\x86_amd64\CL.exe /c /Zi /nologo /W3 /WX- /Od /D WIN32 /D _DEBUG /D _WINDOWS /D _USRDLL /D NET_EXPORTS /D _WINDLL /D _UNICODE /D UNICODE /Gm /EHsc /RTC1 /MDd /GS /fp:precise /Zc:wchar_t /Zc:forScope /Fo"x64\Debug\\" /Fd"x64\Debug\vc120.pdb" /Gd /TP /errorReport:prompt dllmain.cpp
         dllmain.cpp
         D:\Program Files (x86)\Microsoft Visual Studio 12.0\VC\bin\x86_amd64\CL.exe /c /Zi /nologo /W3 /WX- /Od /D WIN32 /D _DEBUG /D _WINDOWS /D _USRDLL /D NET_EXPORTS /D _WINDLL /D _UNICODE /D UNICODE /Gm /EHsc /RTC1 /MDd /GS /fp:precise /Zc:wchar_t /Zc:forScope /Yu"stdafx.h" /Fp"x64\Debug\net.pch" /Fo"x64\Debug\\" /Fd"x64\Debug\vc120.pdb" /Gd /TP /errorReport:prompt net.cpp
         net.cpp
     1>net.cpp(40): warning C4101: “sClient”: 未引用的局部变量
     1>net.cpp(41): warning C4101: “client”: 未引用的局部变量
     1>net.cpp(147): warning C4244: “参数”: 从“SOCKET”转换到“DWORD”，可能丢失数据
       Link:
         D:\Program Files (x86)\Microsoft Visual Studio 12.0\VC\bin\x86_amd64\link.exe /ERRORREPORT:PROMPT /OUT:"D:\project\proj_windows\chat\x64\Debug\net.dll" /INCREMENTAL /NOLOGO kernel32.lib user32.lib gdi32.lib winspool.lib comdlg32.lib advapi32.lib shell32.lib ole32.lib oleaut32.lib uuid.lib odbc32.lib odbccp32.lib /MANIFEST /MANIFESTUAC:"level='asInvoker' uiAccess='false'" /manifest:embed /DEBUG /PDB:"D:\project\proj_windows\chat\x64\Debug\net.pdb" /SUBSYSTEM:WINDOWS /TLBID:1 /DYNAMICBASE /NXCOMPAT /IMPLIB:"D:\project\proj_windows\chat\x64\Debug\net.lib" /MACHINE:X64 /DLL x64\Debug\dllmain.obj
         x64\Debug\net.obj
         x64\Debug\stdafx.obj
            正在创建库 D:\project\proj_windows\chat\x64\Debug\net.lib 和对象 D:\project\proj_windows\chat\x64\Debug\net.exp
         net.vcxproj -> D:\project\proj_windows\chat\x64\Debug\net.dll
     1>已完成生成项目“D:\project\proj_windows\chat\net\net.vcxproj”(Rebuild 个目标)的操作。

生成成功。

已用时间 00:00:02.23
