d:\project\proj_windows\test\chat\chatclient\debug\chatclient.pch
d:\project\proj_windows\test\chat\chatclient\debug\vc120.pdb
d:\project\proj_windows\test\chat\chatclient\debug\vc120.idb
d:\project\proj_windows\test\chat\chatclient\debug\stdafx.obj
d:\project\proj_windows\test\chat\chatclient\debug\chatclient.obj
d:\project\proj_windows\test\chat\chatclient\debug\chatclientdlg.obj
d:\project\proj_windows\test\chat\chatclient\debug\cregisterdialog.obj
d:\project\proj_windows\chat\chatclient\debug\chatclient.pch
d:\project\proj_windows\chat\chatclient\debug\vc120.pdb
d:\project\proj_windows\chat\chatclient\debug\vc120.idb
d:\project\proj_windows\chat\chatclient\debug\stdafx.obj
d:\project\proj_windows\chat\chatclient\debug\cchatdlg.obj
d:\project\proj_windows\chat\chatclient\debug\chatclient.obj
d:\project\proj_windows\chat\chatclient\debug\chatclientdlg.obj
d:\project\proj_windows\chat\chatclient\debug\cmainclient.obj
d:\project\proj_windows\chat\chatclient\debug\cregisterdialog.obj
d:\project\proj_windows\chat\chatclient\debug\csearchdlg.obj
d:\project\proj_windows\test\chat\debug\chatclient.ilk
d:\project\proj_windows\test\chat\debug\chatclient.exe
d:\project\proj_windows\test\chat\debug\chatclient.pdb
d:\project\proj_windows\test\chat\chatclient\debug\chatclient.res
d:\project\proj_windows\chat\chatclient\debug\chatclient.res
d:\project\proj_windows\chat\debug\chatclient.pdb
d:\project\proj_windows\chat\chatclient\debug\chatclient.tlog\cl.command.1.tlog
d:\project\proj_windows\chat\chatclient\debug\chatclient.tlog\cl.read.1.tlog
d:\project\proj_windows\chat\chatclient\debug\chatclient.tlog\cl.write.1.tlog
d:\project\proj_windows\chat\chatclient\debug\chatclient.tlog\link-cvtres.read.1.tlog
d:\project\proj_windows\chat\chatclient\debug\chatclient.tlog\link-cvtres.write.1.tlog
d:\project\proj_windows\chat\chatclient\debug\chatclient.tlog\link-mt.read.1.tlog
d:\project\proj_windows\chat\chatclient\debug\chatclient.tlog\link-mt.write.1.tlog
d:\project\proj_windows\chat\chatclient\debug\chatclient.tlog\link-rc.read.1.tlog
d:\project\proj_windows\chat\chatclient\debug\chatclient.tlog\link-rc.write.1.tlog
d:\project\proj_windows\chat\chatclient\debug\chatclient.tlog\link.command.1.tlog
d:\project\proj_windows\chat\chatclient\debug\chatclient.tlog\link.read.1.tlog
d:\project\proj_windows\chat\chatclient\debug\chatclient.tlog\link.write.1.tlog
d:\project\proj_windows\chat\chatclient\debug\chatclient.tlog\rc.command.1.tlog
d:\project\proj_windows\chat\chatclient\debug\chatclient.tlog\rc.read.1.tlog
d:\project\proj_windows\chat\chatclient\debug\chatclient.tlog\rc.write.1.tlog
