d:\project\proj_windows\test\chat\net\debug\net.pch
d:\project\proj_windows\test\chat\net\debug\vc120.pdb
d:\project\proj_windows\test\chat\net\debug\vc120.idb
d:\project\proj_windows\test\chat\net\debug\stdafx.obj
d:\project\proj_windows\test\chat\net\debug\dllmain.obj
d:\project\proj_windows\test\chat\net\debug\net.obj
d:\project\proj_windows\chat\net\debug\net.pch
d:\project\proj_windows\chat\net\debug\vc120.pdb
d:\project\proj_windows\chat\net\debug\vc120.idb
d:\project\proj_windows\chat\net\debug\stdafx.obj
d:\project\proj_windows\chat\net\debug\dllmain.obj
d:\project\proj_windows\chat\net\debug\net.obj
d:\project\proj_windows\chat\debug\net.ilk
d:\project\proj_windows\chat\debug\net.dll
d:\project\proj_windows\chat\debug\net.pdb
d:\project\proj_windows\chat\debug\net.lib
d:\project\proj_windows\chat\debug\net.exp
d:\project\proj_windows\chat\net\debug\net.tlog\cl.command.1.tlog
d:\project\proj_windows\chat\net\debug\net.tlog\cl.read.1.tlog
d:\project\proj_windows\chat\net\debug\net.tlog\cl.write.1.tlog
d:\project\proj_windows\chat\net\debug\net.tlog\link.command.1.tlog
d:\project\proj_windows\chat\net\debug\net.tlog\link.read.1.tlog
d:\project\proj_windows\chat\net\debug\net.tlog\link.write.1.tlog
d:\project\proj_windows\chat\net\debug\net.tlog\net.write.1u.tlog
