d:\project\proj_windows\test\chat\chat\debug\chat.pch
d:\project\proj_windows\test\chat\chat\debug\vc120.pdb
d:\project\proj_windows\test\chat\chat\debug\vc120.idb
d:\project\proj_windows\test\chat\chat\debug\stdafx.obj
d:\project\proj_windows\test\chat\chat\debug\chat.obj
d:\project\proj_windows\chat\chat\debug\chat.pch
d:\project\proj_windows\chat\chat\debug\vc120.pdb
d:\project\proj_windows\chat\chat\debug\vc120.idb
d:\project\proj_windows\chat\chat\debug\stdafx.obj
d:\project\proj_windows\chat\chat\debug\chat.obj
d:\project\proj_windows\test\chat\debug\chat.ilk
d:\project\proj_windows\test\chat\debug\chat.exe
d:\project\proj_windows\test\chat\debug\chat.pdb
d:\project\proj_windows\chat\debug\chat.pdb
d:\project\proj_windows\chat\chat\debug\chat.tlog\cl.command.1.tlog
d:\project\proj_windows\chat\chat\debug\chat.tlog\cl.read.1.tlog
d:\project\proj_windows\chat\chat\debug\chat.tlog\cl.write.1.tlog
d:\project\proj_windows\chat\chat\debug\chat.tlog\link-cvtres.read.1.tlog
d:\project\proj_windows\chat\chat\debug\chat.tlog\link-cvtres.write.1.tlog
d:\project\proj_windows\chat\chat\debug\chat.tlog\link-rc.read.1.tlog
d:\project\proj_windows\chat\chat\debug\chat.tlog\link-rc.write.1.tlog
d:\project\proj_windows\chat\chat\debug\chat.tlog\link.command.1.tlog
d:\project\proj_windows\chat\chat\debug\chat.tlog\link.read.1.tlog
d:\project\proj_windows\chat\chat\debug\chat.tlog\link.write.1.tlog
