d:\project\proj_windows\chat\chatclient\x64\debug\chatclient.pch
d:\project\proj_windows\chat\chatclient\x64\debug\vc120.pdb
d:\project\proj_windows\chat\chatclient\x64\debug\vc120.idb
d:\project\proj_windows\chat\chatclient\x64\debug\stdafx.obj
d:\project\proj_windows\chat\chatclient\x64\debug\cchatdlg.obj
d:\project\proj_windows\chat\chatclient\x64\debug\chatclient.obj
d:\project\proj_windows\chat\chatclient\x64\debug\chatclientdlg.obj
d:\project\proj_windows\chat\chatclient\x64\debug\cmainclient.obj
d:\project\proj_windows\chat\chatclient\x64\debug\cregisterdialog.obj
d:\project\proj_windows\chat\chatclient\x64\debug\csearchdlg.obj
d:\project\proj_windows\chat\x64\debug\chatclient.ilk
d:\project\proj_windows\chat\x64\debug\chatclient.exe
d:\project\proj_windows\chat\x64\debug\chatclient.pdb
d:\project\proj_windows\chat\chatclient\x64\debug\chatclient.res
d:\project\proj_windows\chat\chatclient\x64\debug\chatclient.tlog\cl.command.1.tlog
d:\project\proj_windows\chat\chatclient\x64\debug\chatclient.tlog\cl.read.1.tlog
d:\project\proj_windows\chat\chatclient\x64\debug\chatclient.tlog\cl.write.1.tlog
d:\project\proj_windows\chat\chatclient\x64\debug\chatclient.tlog\link.command.1.tlog
d:\project\proj_windows\chat\chatclient\x64\debug\chatclient.tlog\link.read.1.tlog
d:\project\proj_windows\chat\chatclient\x64\debug\chatclient.tlog\link.write.1.tlog
d:\project\proj_windows\chat\chatclient\x64\debug\chatclient.tlog\rc.command.1.tlog
d:\project\proj_windows\chat\chatclient\x64\debug\chatclient.tlog\rc.read.1.tlog
d:\project\proj_windows\chat\chatclient\x64\debug\chatclient.tlog\rc.write.1.tlog
