生成启动时间为 2016/9/28 星期三 下午 9:16:32。
     1>项目“D:\project\proj_windows\chat\updateClient\updateClient.vcxproj”在节点 2 上(Build 个目标)。
     1>ClCompile:
         D:\Program Files (x86)\Microsoft Visual Studio 12.0\VC\bin\CL.exe /c /ZI /nologo /W3 /WX- /Od /Oy- /D WIN32 /D _WINDOWS /D _DEBUG /D _UNICODE /D UNICODE /D _AFXDLL /Gm /EHsc /RTC1 /MDd /GS /fp:precise /Zc:wchar_t /Zc:forScope /Yc"stdafx.h" /Fp"Debug\updateClient.pch" /Fo"Debug\\" /Fd"Debug\vc120.pdb" /Gd /TP /analyze- /errorReport:prompt stdafx.cpp
         stdafx.cpp
         D:\Program Files (x86)\Microsoft Visual Studio 12.0\VC\bin\CL.exe /c /ZI /nologo /W3 /WX- /Od /Oy- /D WIN32 /D _WINDOWS /D _DEBUG /D _UNICODE /D UNICODE /D _AFXDLL /Gm /EHsc /RTC1 /MDd /GS /fp:precise /Zc:wchar_t /Zc:forScope /Yu"stdafx.h" /Fp"Debug\updateClient.pch" /Fo"Debug\\" /Fd"Debug\vc120.pdb" /Gd /TP /analyze- /errorReport:prompt updateClient.cpp updateClientDlg.cpp
         updateClientDlg.cpp
         updateClient.cpp
         正在生成代码...
       ResourceCompile:
         C:\Program Files (x86)\Windows Kits\8.1\bin\x86\rc.exe /D _DEBUG /D _UNICODE /D UNICODE /D _AFXDLL /l"0x0804" /IDebug\ /nologo /fo"Debug\updateClient.res" updateClient.rc 
       Link:
         D:\Program Files (x86)\Microsoft Visual Studio 12.0\VC\bin\link.exe /ERRORREPORT:PROMPT /OUT:"D:\project\proj_windows\chat\Debug\updateClient.exe" /INCREMENTAL /NOLOGO /MANIFEST /MANIFESTUAC:"level='asInvoker' uiAccess='false'" /manifest:embed /manifestinput:"D:\Program Files (x86)\Microsoft Visual Studio 12.0\VC\Include\Manifest\dpiaware.manifest" /DEBUG /PDB:"D:\project\proj_windows\chat\Debug\updateClient.pdb" /SUBSYSTEM:WINDOWS /TLBID:1 /ENTRY:"wWinMainCRTStartup" /DYNAMICBASE /NXCOMPAT /IMPLIB:"D:\project\proj_windows\chat\Debug\updateClient.lib" /MACHINE:X86 Debug\updateClient.res
         Debug\stdafx.obj
         Debug\updateClient.obj
         Debug\updateClientDlg.obj
     1>updateClientDlg.obj : error LNK2019: 无法解析的外部符号 "void __cdecl InitNet(unsigned int,void (__cdecl*)(unsigned long,void *,int),bool,char *)" (?InitNet@@YAXIP6AXKPAXH@Z_NPAD@Z)，该符号在函数 "protected: virtual int __thiscall CupdateClientDlg::OnInitDialog(void)" (?OnInitDialog@CupdateClientDlg@@MAEHXZ) 中被引用
     1>D:\project\proj_windows\chat\Debug\updateClient.exe : fatal error LNK1120: 1 个无法解析的外部命令
     1>已完成生成项目“D:\project\proj_windows\chat\updateClient\updateClient.vcxproj”(Build 个目标)的操作 - 失败。

生成失败。

已用时间 00:00:02.77
